<?xml version="1.0" encoding="UTF-8"?>
<!-- Generated by org.testng.reporters.JUnitXMLReporter -->
<testsuite hostname="Vrushali-PC" ignored="0" name="LoginTest" tests="3" failures="0" timestamp="11 Aug 2018 13:14:07 GMT" time="1.513" errors="0">
  <testcase name="@AfterMethod quit" time="0.352" classname="com.qtpselenium.hybrid.base.BaseTest">
    <failure type="java.lang.NoClassDefFoundError" message="org/bson/types/ObjectId">
      <![CDATA[java.lang.NoClassDefFoundError: org/bson/types/ObjectIdat java.lang.Class.getDeclaredMethods0(Native Method)at java.lang.Class.privateGetDeclaredMethods(Class.java:2701)at java.lang.Class.privateGetPublicMethods(Class.java:2902)at java.lang.Class.getMethods(Class.java:1615)at freemarker.ext.beans.ClassIntrospector.discoverAccessibleMethods(ClassIntrospector.java:736)at freemarker.ext.beans.ClassIntrospector.discoverAccessibleMethods(ClassIntrospector.java:729)at freemarker.ext.beans.ClassIntrospector.createClassIntrospectionData(ClassIntrospector.java:281)at freemarker.ext.beans.ClassIntrospector.get(ClassIntrospector.java:257)at freemarker.ext.beans.BeanModel.<init>(BeanModel.java:110)at freemarker.ext.beans.BeanModel.<init>(BeanModel.java:101)at freemarker.ext.beans.StringModel.<init>(StringModel.java:52)at freemarker.ext.beans.StringModel$1.create(StringModel.java:38)at freemarker.ext.beans.BeansModelCache.create(BeansModelCache.java:72)at freemarker.ext.util.ModelCache.getInstance(ModelCache.java:80)at freemarker.ext.beans.BeansWrapper.wrap(BeansWrapper.java:912)at freemarker.template.DefaultObjectWrapper.handleUnknownType(DefaultObjectWrapper.java:269)at freemarker.template.DefaultObjectWrapper.wrap(DefaultObjectWrapper.java:248)at freemarker.template.WrappingTemplateModel.wrap(WrappingTemplateModel.java:112)at freemarker.template.DefaultListAdapter.get(DefaultListAdapter.java:76)at freemarker.core.DynamicKeyName.dealWithNumericalKey(DynamicKeyName.java:105)at freemarker.core.DynamicKeyName._eval(DynamicKeyName.java:71)at freemarker.core.Expression.eval(Expression.java:83)at freemarker.core.Assignment.accept(Assignment.java:134)at freemarker.core.Environment.visit(Environment.java:330)at freemarker.core.Environment.visit(Environment.java:336)at freemarker.core.Environment.visit(Environment.java:336)at freemarker.core.Environment.process(Environment.java:309)at freemarker.template.Template.process(Template.java:384)at com.aventstack.extentreports.reporter.ExtentHtmlReporter.flush(ExtentHtmlReporter.java:142)at com.aventstack.extentreports.Report$$Lambda$15/1132307065.accept(Unknown Source)at java.util.ArrayList.forEach(ArrayList.java:1249)at com.aventstack.extentreports.Report.notifyReporters(Report.java:263)at com.aventstack.extentreports.Report.flush(Report.java:185)at com.aventstack.extentreports.ExtentReports.flush(ExtentReports.java:281)at com.qtpselenium.hybrid.base.BaseTest.quit(BaseTest.java:72)Caused by: java.lang.ClassNotFoundException: org.bson.types.ObjectIdat java.net.URLClassLoader.findClass(URLClassLoader.java:381)at java.lang.ClassLoader.loadClass(ClassLoader.java:424)at sun.misc.Launcher$AppClassLoader.loadClass(Launcher.java:331)at java.lang.ClassLoader.loadClass(ClassLoader.java:357)... 63 more... Removed 28 stack frames]]>
    </failure>
  </testcase> <!-- @AfterMethod quit -->
  <testcase name="@BeforeMethod initTest" time="0.0" classname="com.qtpselenium.hybrid.base.BaseTest">
    <skipped/>
  </testcase> <!-- @BeforeMethod initTest -->
  <testcase name="@AfterMethod quit" time="0.0" classname="com.qtpselenium.hybrid.base.BaseTest">
    <skipped/>
  </testcase> <!-- @AfterMethod quit -->
  <testcase name="@BeforeMethod initTest" time="0.0" classname="com.qtpselenium.hybrid.base.BaseTest">
    <skipped/>
  </testcase> <!-- @BeforeMethod initTest -->
  <testcase name="@AfterMethod quit" time="0.0" classname="com.qtpselenium.hybrid.base.BaseTest">
    <skipped/>
  </testcase> <!-- @AfterMethod quit -->
  <testcase name="loginTest" time="0.016" classname="com.qtpselenium.hybrid.suitea.LoginTest">
    <skipped/>
  </testcase> <!-- loginTest -->
  <testcase name="loginTest" time="0.0" classname="com.qtpselenium.hybrid.suitea.LoginTest">
    <skipped/>
  </testcase> <!-- loginTest -->
  <testcase name="loginTest" time="0.0" classname="com.qtpselenium.hybrid.suitea.LoginTest">
    <skipped/>
  </testcase> <!-- loginTest -->
</testsuite> <!-- LoginTest -->
