<html>
<head>
<title>TestNG:  LoginTest</title>
<link href="../testng.css" rel="stylesheet" type="text/css" />
<link href="../my-testng.css" rel="stylesheet" type="text/css" />

<style type="text/css">
.log { display: none;} 
.stack-trace { display: none;} 
</style>
<script type="text/javascript">
<!--
function flip(e) {
  current = e.style.display;
  if (current == 'block') {
    e.style.display = 'none';
    return 0;
  }
  else {
    e.style.display = 'block';
    return 1;
  }
}

function toggleBox(szDivId, elem, msg1, msg2)
{
  var res = -1;  if (document.getElementById) {
    res = flip(document.getElementById(szDivId));
  }
  else if (document.all) {
    // this is the way old msie versions work
    res = flip(document.all[szDivId]);
  }
  if(elem) {
    if(res == 0) elem.innerHTML = msg1; else elem.innerHTML = msg2;
  }

}

function toggleAllBoxes() {
  if (document.getElementsByTagName) {
    d = document.getElementsByTagName('div');
    for (i = 0; i < d.length; i++) {
      if (d[i].className == 'log') {
        flip(d[i]);
      }
    }
  }
}

// -->
</script>

</head>
<body>
<h2 align='center'>LoginTest</h2><table border='1' align="center">
<tr>
<td>Tests passed/Failed/Skipped:</td><td>0/0/3</td>
</tr><tr>
<td>Started on:</td><td>Sat Aug 11 18:44:05 IST 2018</td>
</tr>
<tr><td>Total time:</td><td>1 seconds (1513 ms)</td>
</tr><tr>
<td>Included groups:</td><td></td>
</tr><tr>
<td>Excluded groups:</td><td></td>
</tr>
</table><p/>
<small><i>(Hover the method name to see the test class name)</i></small><p/>
<table width='100%' border='1' class='invocation-failed'>
<tr><td colspan='4' align='center'><b>FAILED CONFIGURATIONS</b></td></tr>
<tr><td><b>Test method</b></td>
<td width="30%"><b>Exception</b></td>
<td width="10%"><b>Time (seconds)</b></td>
<td><b>Instance</b></td>
</tr>
<tr>
<td title='com.qtpselenium.hybrid.suitea.LoginTest.quit()'><b>quit</b><br>Test class: com.qtpselenium.hybrid.suitea.LoginTest</td>
<td><div><pre>java.lang.NoClassDefFoundError: org/bson/types/ObjectId
	at java.lang.Class.getDeclaredMethods0(Native Method)
	at java.lang.Class.privateGetDeclaredMethods(Class.java:2701)
	at java.lang.Class.privateGetPublicMethods(Class.java:2902)
	at java.lang.Class.getMethods(Class.java:1615)
	at freemarker.ext.beans.ClassIntrospector.discoverAccessibleMethods(ClassIntrospector.java:736)
	at freemarker.ext.beans.ClassIntrospector.discoverAccessibleMethods(ClassIntrospector.java:729)
	at freemarker.ext.beans.ClassIntrospector.createClassIntrospectionData(ClassIntrospector.java:281)
	at freemarker.ext.beans.ClassIntrospector.get(ClassIntrospector.java:257)
	at freemarker.ext.beans.BeanModel.&lt;init&gt;(BeanModel.java:110)
	at freemarker.ext.beans.BeanModel.&lt;init&gt;(BeanModel.java:101)
	at freemarker.ext.beans.StringModel.&lt;init&gt;(StringModel.java:52)
	at freemarker.ext.beans.StringModel$1.create(StringModel.java:38)
	at freemarker.ext.beans.BeansModelCache.create(BeansModelCache.java:72)
	at freemarker.ext.util.ModelCache.getInstance(ModelCache.java:80)
	at freemarker.ext.beans.BeansWrapper.wrap(BeansWrapper.java:912)
	at freemarker.template.DefaultObjectWrapper.handleUnknownType(DefaultObjectWrapper.java:269)
	at freemarker.template.DefaultObjectWrapper.wrap(DefaultObjectWrapper.java:248)
	at freemarker.template.WrappingTemplateModel.wrap(WrappingTemplateModel.java:112)
	at freemarker.template.DefaultListAdapter.get(DefaultListAdapter.java:76)
	at freemarker.core.DynamicKeyName.dealWithNumericalKey(DynamicKeyName.java:105)
	at freemarker.core.DynamicKeyName._eval(DynamicKeyName.java:71)
	at freemarker.core.Expression.eval(Expression.java:83)
	at freemarker.core.Assignment.accept(Assignment.java:134)
	at freemarker.core.Environment.visit(Environment.java:330)
	at freemarker.core.Environment.visit(Environment.java:336)
	at freemarker.core.Environment.visit(Environment.java:336)
	at freemarker.core.Environment.process(Environment.java:309)
	at freemarker.template.Template.process(Template.java:384)
	at com.aventstack.extentreports.reporter.ExtentHtmlReporter.flush(ExtentHtmlReporter.java:142)
	at com.aventstack.extentreports.Report$$Lambda$15/1132307065.accept(Unknown Source)
	at java.util.ArrayList.forEach(ArrayList.java:1249)
	at com.aventstack.extentreports.Report.notifyReporters(Report.java:263)
	at com.aventstack.extentreports.Report.flush(Report.java:185)
	at com.aventstack.extentreports.ExtentReports.flush(ExtentReports.java:281)
	at com.qtpselenium.hybrid.base.BaseTest.quit(BaseTest.java:72)
Caused by: java.lang.ClassNotFoundException: org.bson.types.ObjectId
	at java.net.URLClassLoader.findClass(URLClassLoader.java:381)
	at java.lang.ClassLoader.loadClass(ClassLoader.java:424)
	at sun.misc.Launcher$AppClassLoader.loadClass(Launcher.java:331)
	at java.lang.ClassLoader.loadClass(ClassLoader.java:357)
	... 63 more
... Removed 28 stack frames</pre></div><a href='#' onClick='toggleBox("stack-trace1081769770", this, "Click to show all stack frames", "Click to hide stack frames")'>Click to show all stack frames</a>
<div class='stack-trace' id='stack-trace1081769770'><pre>java.lang.NoClassDefFoundError: org/bson/types/ObjectId
	at java.lang.Class.getDeclaredMethods0(Native Method)
	at java.lang.Class.privateGetDeclaredMethods(Class.java:2701)
	at java.lang.Class.privateGetPublicMethods(Class.java:2902)
	at java.lang.Class.getMethods(Class.java:1615)
	at freemarker.ext.beans.ClassIntrospector.discoverAccessibleMethods(ClassIntrospector.java:736)
	at freemarker.ext.beans.ClassIntrospector.discoverAccessibleMethods(ClassIntrospector.java:729)
	at freemarker.ext.beans.ClassIntrospector.createClassIntrospectionData(ClassIntrospector.java:281)
	at freemarker.ext.beans.ClassIntrospector.get(ClassIntrospector.java:257)
	at freemarker.ext.beans.BeanModel.&lt;init&gt;(BeanModel.java:110)
	at freemarker.ext.beans.BeanModel.&lt;init&gt;(BeanModel.java:101)
	at freemarker.ext.beans.StringModel.&lt;init&gt;(StringModel.java:52)
	at freemarker.ext.beans.StringModel$1.create(StringModel.java:38)
	at freemarker.ext.beans.BeansModelCache.create(BeansModelCache.java:72)
	at freemarker.ext.util.ModelCache.getInstance(ModelCache.java:80)
	at freemarker.ext.beans.BeansWrapper.wrap(BeansWrapper.java:912)
	at freemarker.template.DefaultObjectWrapper.handleUnknownType(DefaultObjectWrapper.java:269)
	at freemarker.template.DefaultObjectWrapper.wrap(DefaultObjectWrapper.java:248)
	at freemarker.template.WrappingTemplateModel.wrap(WrappingTemplateModel.java:112)
	at freemarker.template.DefaultListAdapter.get(DefaultListAdapter.java:76)
	at freemarker.core.DynamicKeyName.dealWithNumericalKey(DynamicKeyName.java:105)
	at freemarker.core.DynamicKeyName._eval(DynamicKeyName.java:71)
	at freemarker.core.Expression.eval(Expression.java:83)
	at freemarker.core.Assignment.accept(Assignment.java:134)
	at freemarker.core.Environment.visit(Environment.java:330)
	at freemarker.core.Environment.visit(Environment.java:336)
	at freemarker.core.Environment.visit(Environment.java:336)
	at freemarker.core.Environment.process(Environment.java:309)
	at freemarker.template.Template.process(Template.java:384)
	at com.aventstack.extentreports.reporter.ExtentHtmlReporter.flush(ExtentHtmlReporter.java:142)
	at com.aventstack.extentreports.Report$$Lambda$15/1132307065.accept(Unknown Source)
	at java.util.ArrayList.forEach(ArrayList.java:1249)
	at com.aventstack.extentreports.Report.notifyReporters(Report.java:263)
	at com.aventstack.extentreports.Report.flush(Report.java:185)
	at com.aventstack.extentreports.ExtentReports.flush(ExtentReports.java:281)
	at com.qtpselenium.hybrid.base.BaseTest.quit(BaseTest.java:72)
	at sun.reflect.NativeMethodAccessorImpl.invoke0(Native Method)
	at sun.reflect.NativeMethodAccessorImpl.invoke(NativeMethodAccessorImpl.java:62)
	at sun.reflect.DelegatingMethodAccessorImpl.invoke(DelegatingMethodAccessorImpl.java:43)
	at java.lang.reflect.Method.invoke(Method.java:497)
	at org.testng.internal.MethodInvocationHelper.invokeMethod(MethodInvocationHelper.java:124)
	at org.testng.internal.MethodInvocationHelper.invokeMethodConsideringTimeout(MethodInvocationHelper.java:59)
	at org.testng.internal.Invoker.invokeConfigurationMethod(Invoker.java:451)
	at org.testng.internal.Invoker.invokeConfigurations(Invoker.java:222)
	at org.testng.internal.Invoker.invokeMethod(Invoker.java:634)
	at org.testng.internal.Invoker.invokeTestMethod(Invoker.java:707)
	at org.testng.internal.Invoker.invokeTestMethods(Invoker.java:979)
	at org.testng.internal.TestMethodWorker.invokeTestMethods(TestMethodWorker.java:125)
	at org.testng.internal.TestMethodWorker.run(TestMethodWorker.java:109)
	at org.testng.TestRunner.privateRun(TestRunner.java:648)
	at org.testng.TestRunner.run(TestRunner.java:505)
	at org.testng.SuiteRunner.runTest(SuiteRunner.java:455)
	at org.testng.SuiteRunner.runSequentially(SuiteRunner.java:450)
	at org.testng.SuiteRunner.privateRun(SuiteRunner.java:415)
	at org.testng.SuiteRunner.run(SuiteRunner.java:364)
	at org.testng.SuiteRunnerWorker.runSuite(SuiteRunnerWorker.java:52)
	at org.testng.SuiteRunnerWorker.run(SuiteRunnerWorker.java:84)
	at org.testng.TestNG.runSuitesSequentially(TestNG.java:1187)
	at org.testng.TestNG.runSuitesSequentially(TestNG.java:1183)
	at org.testng.TestNG.runSuitesLocally(TestNG.java:1116)
	at org.testng.TestNG.runSuites(TestNG.java:1028)
	at org.testng.TestNG.run(TestNG.java:996)
	at org.testng.TestNG.privateMain(TestNG.java:1330)
	at org.testng.TestNG.main(TestNG.java:1299)
Caused by: java.lang.ClassNotFoundException: org.bson.types.ObjectId
	at java.net.URLClassLoader.findClass(URLClassLoader.java:381)
	at java.lang.ClassLoader.loadClass(ClassLoader.java:424)
	at sun.misc.Launcher$AppClassLoader.loadClass(Launcher.java:331)
	at java.lang.ClassLoader.loadClass(ClassLoader.java:357)
	... 63 more
</pre></div></td>
<td>0</td>
<td>com.qtpselenium.hybrid.suitea.LoginTest@39c0f4a</td></tr>
</table><p>
<table width='100%' border='1' class='invocation-skipped'>
<tr><td colspan='4' align='center'><b>SKIPPED CONFIGURATIONS</b></td></tr>
<tr><td><b>Test method</b></td>
<td width="30%"><b>Exception</b></td>
<td width="10%"><b>Time (seconds)</b></td>
<td><b>Instance</b></td>
</tr>
<tr>
<td title='com.qtpselenium.hybrid.suitea.LoginTest.initTest()'><b>initTest</b><br>Test class: com.qtpselenium.hybrid.suitea.LoginTest</td>
<td></td>
<td>0</td>
<td>com.qtpselenium.hybrid.suitea.LoginTest@39c0f4a</td></tr>
<tr>
<td title='com.qtpselenium.hybrid.suitea.LoginTest.initTest()'><b>initTest</b><br>Test class: com.qtpselenium.hybrid.suitea.LoginTest</td>
<td></td>
<td>0</td>
<td>com.qtpselenium.hybrid.suitea.LoginTest@39c0f4a</td></tr>
<tr>
<td title='com.qtpselenium.hybrid.suitea.LoginTest.quit()'><b>quit</b><br>Test class: com.qtpselenium.hybrid.suitea.LoginTest</td>
<td></td>
<td>0</td>
<td>com.qtpselenium.hybrid.suitea.LoginTest@39c0f4a</td></tr>
<tr>
<td title='com.qtpselenium.hybrid.suitea.LoginTest.quit()'><b>quit</b><br>Test class: com.qtpselenium.hybrid.suitea.LoginTest</td>
<td></td>
<td>0</td>
<td>com.qtpselenium.hybrid.suitea.LoginTest@39c0f4a</td></tr>
</table><p>
<table width='100%' border='1' class='invocation-skipped'>
<tr><td colspan='4' align='center'><b>SKIPPED TESTS</b></td></tr>
<tr><td><b>Test method</b></td>
<td width="30%"><b>Exception</b></td>
<td width="10%"><b>Time (seconds)</b></td>
<td><b>Instance</b></td>
</tr>
<tr>
<td title='com.qtpselenium.hybrid.suitea.LoginTest.loginTest()'><b>loginTest</b><br>Test class: com.qtpselenium.hybrid.suitea.LoginTest<br>Parameters: {Username=mngr145880, ExpectedResult=LoginSuccess, Password=vumebah, Runmode=N, Browser=Mozilla}</td>
<td><div><pre>org.testng.SkipException: Runmode is set to NO 
	at com.qtpselenium.hybrid.suitea.LoginTest.loginTest(LoginTest.java:24)
... Removed 25 stack frames</pre></div><a href='#' onClick='toggleBox("stack-trace556281560", this, "Click to show all stack frames", "Click to hide stack frames")'>Click to show all stack frames</a>
<div class='stack-trace' id='stack-trace556281560'><pre>org.testng.SkipException: Runmode is set to NO 
	at com.qtpselenium.hybrid.suitea.LoginTest.loginTest(LoginTest.java:24)
	at sun.reflect.NativeMethodAccessorImpl.invoke0(Native Method)
	at sun.reflect.NativeMethodAccessorImpl.invoke(NativeMethodAccessorImpl.java:62)
	at sun.reflect.DelegatingMethodAccessorImpl.invoke(DelegatingMethodAccessorImpl.java:43)
	at java.lang.reflect.Method.invoke(Method.java:497)
	at org.testng.internal.MethodInvocationHelper.invokeMethod(MethodInvocationHelper.java:124)
	at org.testng.internal.Invoker.invokeMethod(Invoker.java:571)
	at org.testng.internal.Invoker.invokeTestMethod(Invoker.java:707)
	at org.testng.internal.Invoker.invokeTestMethods(Invoker.java:979)
	at org.testng.internal.TestMethodWorker.invokeTestMethods(TestMethodWorker.java:125)
	at org.testng.internal.TestMethodWorker.run(TestMethodWorker.java:109)
	at org.testng.TestRunner.privateRun(TestRunner.java:648)
	at org.testng.TestRunner.run(TestRunner.java:505)
	at org.testng.SuiteRunner.runTest(SuiteRunner.java:455)
	at org.testng.SuiteRunner.runSequentially(SuiteRunner.java:450)
	at org.testng.SuiteRunner.privateRun(SuiteRunner.java:415)
	at org.testng.SuiteRunner.run(SuiteRunner.java:364)
	at org.testng.SuiteRunnerWorker.runSuite(SuiteRunnerWorker.java:52)
	at org.testng.SuiteRunnerWorker.run(SuiteRunnerWorker.java:84)
	at org.testng.TestNG.runSuitesSequentially(TestNG.java:1187)
	at org.testng.TestNG.runSuitesSequentially(TestNG.java:1183)
	at org.testng.TestNG.runSuitesLocally(TestNG.java:1116)
	at org.testng.TestNG.runSuites(TestNG.java:1028)
	at org.testng.TestNG.run(TestNG.java:996)
	at org.testng.TestNG.privateMain(TestNG.java:1330)
	at org.testng.TestNG.main(TestNG.java:1299)
</pre></div></td>
<td>0</td>
<td>com.qtpselenium.hybrid.suitea.LoginTest@39c0f4a</td></tr>
<tr>
<td title='com.qtpselenium.hybrid.suitea.LoginTest.loginTest()'><b>loginTest</b><br>Test class: com.qtpselenium.hybrid.suitea.LoginTest</td>
<td><div><pre>java.lang.NoClassDefFoundError: org/bson/types/ObjectId
	at java.lang.Class.getDeclaredMethods0(Native Method)
	at java.lang.Class.privateGetDeclaredMethods(Class.java:2701)
	at java.lang.Class.privateGetPublicMethods(Class.java:2902)
	at java.lang.Class.getMethods(Class.java:1615)
	at freemarker.ext.beans.ClassIntrospector.discoverAccessibleMethods(ClassIntrospector.java:736)
	at freemarker.ext.beans.ClassIntrospector.discoverAccessibleMethods(ClassIntrospector.java:729)
	at freemarker.ext.beans.ClassIntrospector.createClassIntrospectionData(ClassIntrospector.java:281)
	at freemarker.ext.beans.ClassIntrospector.get(ClassIntrospector.java:257)
	at freemarker.ext.beans.BeanModel.&lt;init&gt;(BeanModel.java:110)
	at freemarker.ext.beans.BeanModel.&lt;init&gt;(BeanModel.java:101)
	at freemarker.ext.beans.StringModel.&lt;init&gt;(StringModel.java:52)
	at freemarker.ext.beans.StringModel$1.create(StringModel.java:38)
	at freemarker.ext.beans.BeansModelCache.create(BeansModelCache.java:72)
	at freemarker.ext.util.ModelCache.getInstance(ModelCache.java:80)
	at freemarker.ext.beans.BeansWrapper.wrap(BeansWrapper.java:912)
	at freemarker.template.DefaultObjectWrapper.handleUnknownType(DefaultObjectWrapper.java:269)
	at freemarker.template.DefaultObjectWrapper.wrap(DefaultObjectWrapper.java:248)
	at freemarker.template.WrappingTemplateModel.wrap(WrappingTemplateModel.java:112)
	at freemarker.template.DefaultListAdapter.get(DefaultListAdapter.java:76)
	at freemarker.core.DynamicKeyName.dealWithNumericalKey(DynamicKeyName.java:105)
	at freemarker.core.DynamicKeyName._eval(DynamicKeyName.java:71)
	at freemarker.core.Expression.eval(Expression.java:83)
	at freemarker.core.Assignment.accept(Assignment.java:134)
	at freemarker.core.Environment.visit(Environment.java:330)
	at freemarker.core.Environment.visit(Environment.java:336)
	at freemarker.core.Environment.visit(Environment.java:336)
	at freemarker.core.Environment.process(Environment.java:309)
	at freemarker.template.Template.process(Template.java:384)
	at com.aventstack.extentreports.reporter.ExtentHtmlReporter.flush(ExtentHtmlReporter.java:142)
	at com.aventstack.extentreports.Report$$Lambda$15/1132307065.accept(Unknown Source)
	at java.util.ArrayList.forEach(ArrayList.java:1249)
	at com.aventstack.extentreports.Report.notifyReporters(Report.java:263)
	at com.aventstack.extentreports.Report.flush(Report.java:185)
	at com.aventstack.extentreports.ExtentReports.flush(ExtentReports.java:281)
	at com.qtpselenium.hybrid.base.BaseTest.quit(BaseTest.java:72)
Caused by: java.lang.ClassNotFoundException: org.bson.types.ObjectId
	at java.net.URLClassLoader.findClass(URLClassLoader.java:381)
	at java.lang.ClassLoader.loadClass(ClassLoader.java:424)
	at sun.misc.Launcher$AppClassLoader.loadClass(Launcher.java:331)
	at java.lang.ClassLoader.loadClass(ClassLoader.java:357)
	... 63 more
... Removed 28 stack frames</pre></div><a href='#' onClick='toggleBox("stack-trace749927456", this, "Click to show all stack frames", "Click to hide stack frames")'>Click to show all stack frames</a>
<div class='stack-trace' id='stack-trace749927456'><pre>java.lang.NoClassDefFoundError: org/bson/types/ObjectId
	at java.lang.Class.getDeclaredMethods0(Native Method)
	at java.lang.Class.privateGetDeclaredMethods(Class.java:2701)
	at java.lang.Class.privateGetPublicMethods(Class.java:2902)
	at java.lang.Class.getMethods(Class.java:1615)
	at freemarker.ext.beans.ClassIntrospector.discoverAccessibleMethods(ClassIntrospector.java:736)
	at freemarker.ext.beans.ClassIntrospector.discoverAccessibleMethods(ClassIntrospector.java:729)
	at freemarker.ext.beans.ClassIntrospector.createClassIntrospectionData(ClassIntrospector.java:281)
	at freemarker.ext.beans.ClassIntrospector.get(ClassIntrospector.java:257)
	at freemarker.ext.beans.BeanModel.&lt;init&gt;(BeanModel.java:110)
	at freemarker.ext.beans.BeanModel.&lt;init&gt;(BeanModel.java:101)
	at freemarker.ext.beans.StringModel.&lt;init&gt;(StringModel.java:52)
	at freemarker.ext.beans.StringModel$1.create(StringModel.java:38)
	at freemarker.ext.beans.BeansModelCache.create(BeansModelCache.java:72)
	at freemarker.ext.util.ModelCache.getInstance(ModelCache.java:80)
	at freemarker.ext.beans.BeansWrapper.wrap(BeansWrapper.java:912)
	at freemarker.template.DefaultObjectWrapper.handleUnknownType(DefaultObjectWrapper.java:269)
	at freemarker.template.DefaultObjectWrapper.wrap(DefaultObjectWrapper.java:248)
	at freemarker.template.WrappingTemplateModel.wrap(WrappingTemplateModel.java:112)
	at freemarker.template.DefaultListAdapter.get(DefaultListAdapter.java:76)
	at freemarker.core.DynamicKeyName.dealWithNumericalKey(DynamicKeyName.java:105)
	at freemarker.core.DynamicKeyName._eval(DynamicKeyName.java:71)
	at freemarker.core.Expression.eval(Expression.java:83)
	at freemarker.core.Assignment.accept(Assignment.java:134)
	at freemarker.core.Environment.visit(Environment.java:330)
	at freemarker.core.Environment.visit(Environment.java:336)
	at freemarker.core.Environment.visit(Environment.java:336)
	at freemarker.core.Environment.process(Environment.java:309)
	at freemarker.template.Template.process(Template.java:384)
	at com.aventstack.extentreports.reporter.ExtentHtmlReporter.flush(ExtentHtmlReporter.java:142)
	at com.aventstack.extentreports.Report$$Lambda$15/1132307065.accept(Unknown Source)
	at java.util.ArrayList.forEach(ArrayList.java:1249)
	at com.aventstack.extentreports.Report.notifyReporters(Report.java:263)
	at com.aventstack.extentreports.Report.flush(Report.java:185)
	at com.aventstack.extentreports.ExtentReports.flush(ExtentReports.java:281)
	at com.qtpselenium.hybrid.base.BaseTest.quit(BaseTest.java:72)
	at sun.reflect.NativeMethodAccessorImpl.invoke0(Native Method)
	at sun.reflect.NativeMethodAccessorImpl.invoke(NativeMethodAccessorImpl.java:62)
	at sun.reflect.DelegatingMethodAccessorImpl.invoke(DelegatingMethodAccessorImpl.java:43)
	at java.lang.reflect.Method.invoke(Method.java:497)
	at org.testng.internal.MethodInvocationHelper.invokeMethod(MethodInvocationHelper.java:124)
	at org.testng.internal.MethodInvocationHelper.invokeMethodConsideringTimeout(MethodInvocationHelper.java:59)
	at org.testng.internal.Invoker.invokeConfigurationMethod(Invoker.java:451)
	at org.testng.internal.Invoker.invokeConfigurations(Invoker.java:222)
	at org.testng.internal.Invoker.invokeMethod(Invoker.java:634)
	at org.testng.internal.Invoker.invokeTestMethod(Invoker.java:707)
	at org.testng.internal.Invoker.invokeTestMethods(Invoker.java:979)
	at org.testng.internal.TestMethodWorker.invokeTestMethods(TestMethodWorker.java:125)
	at org.testng.internal.TestMethodWorker.run(TestMethodWorker.java:109)
	at org.testng.TestRunner.privateRun(TestRunner.java:648)
	at org.testng.TestRunner.run(TestRunner.java:505)
	at org.testng.SuiteRunner.runTest(SuiteRunner.java:455)
	at org.testng.SuiteRunner.runSequentially(SuiteRunner.java:450)
	at org.testng.SuiteRunner.privateRun(SuiteRunner.java:415)
	at org.testng.SuiteRunner.run(SuiteRunner.java:364)
	at org.testng.SuiteRunnerWorker.runSuite(SuiteRunnerWorker.java:52)
	at org.testng.SuiteRunnerWorker.run(SuiteRunnerWorker.java:84)
	at org.testng.TestNG.runSuitesSequentially(TestNG.java:1187)
	at org.testng.TestNG.runSuitesSequentially(TestNG.java:1183)
	at org.testng.TestNG.runSuitesLocally(TestNG.java:1116)
	at org.testng.TestNG.runSuites(TestNG.java:1028)
	at org.testng.TestNG.run(TestNG.java:996)
	at org.testng.TestNG.privateMain(TestNG.java:1330)
	at org.testng.TestNG.main(TestNG.java:1299)
Caused by: java.lang.ClassNotFoundException: org.bson.types.ObjectId
	at java.net.URLClassLoader.findClass(URLClassLoader.java:381)
	at java.lang.ClassLoader.loadClass(ClassLoader.java:424)
	at sun.misc.Launcher$AppClassLoader.loadClass(Launcher.java:331)
	at java.lang.ClassLoader.loadClass(ClassLoader.java:357)
	... 63 more
</pre></div></td>
<td>0</td>
<td>com.qtpselenium.hybrid.suitea.LoginTest@39c0f4a</td></tr>
<tr>
<td title='com.qtpselenium.hybrid.suitea.LoginTest.loginTest()'><b>loginTest</b><br>Test class: com.qtpselenium.hybrid.suitea.LoginTest</td>
<td><div><pre>java.lang.NoClassDefFoundError: org/bson/types/ObjectId
	at java.lang.Class.getDeclaredMethods0(Native Method)
	at java.lang.Class.privateGetDeclaredMethods(Class.java:2701)
	at java.lang.Class.privateGetPublicMethods(Class.java:2902)
	at java.lang.Class.getMethods(Class.java:1615)
	at freemarker.ext.beans.ClassIntrospector.discoverAccessibleMethods(ClassIntrospector.java:736)
	at freemarker.ext.beans.ClassIntrospector.discoverAccessibleMethods(ClassIntrospector.java:729)
	at freemarker.ext.beans.ClassIntrospector.createClassIntrospectionData(ClassIntrospector.java:281)
	at freemarker.ext.beans.ClassIntrospector.get(ClassIntrospector.java:257)
	at freemarker.ext.beans.BeanModel.&lt;init&gt;(BeanModel.java:110)
	at freemarker.ext.beans.BeanModel.&lt;init&gt;(BeanModel.java:101)
	at freemarker.ext.beans.StringModel.&lt;init&gt;(StringModel.java:52)
	at freemarker.ext.beans.StringModel$1.create(StringModel.java:38)
	at freemarker.ext.beans.BeansModelCache.create(BeansModelCache.java:72)
	at freemarker.ext.util.ModelCache.getInstance(ModelCache.java:80)
	at freemarker.ext.beans.BeansWrapper.wrap(BeansWrapper.java:912)
	at freemarker.template.DefaultObjectWrapper.handleUnknownType(DefaultObjectWrapper.java:269)
	at freemarker.template.DefaultObjectWrapper.wrap(DefaultObjectWrapper.java:248)
	at freemarker.template.WrappingTemplateModel.wrap(WrappingTemplateModel.java:112)
	at freemarker.template.DefaultListAdapter.get(DefaultListAdapter.java:76)
	at freemarker.core.DynamicKeyName.dealWithNumericalKey(DynamicKeyName.java:105)
	at freemarker.core.DynamicKeyName._eval(DynamicKeyName.java:71)
	at freemarker.core.Expression.eval(Expression.java:83)
	at freemarker.core.Assignment.accept(Assignment.java:134)
	at freemarker.core.Environment.visit(Environment.java:330)
	at freemarker.core.Environment.visit(Environment.java:336)
	at freemarker.core.Environment.visit(Environment.java:336)
	at freemarker.core.Environment.process(Environment.java:309)
	at freemarker.template.Template.process(Template.java:384)
	at com.aventstack.extentreports.reporter.ExtentHtmlReporter.flush(ExtentHtmlReporter.java:142)
	at com.aventstack.extentreports.Report$$Lambda$15/1132307065.accept(Unknown Source)
	at java.util.ArrayList.forEach(ArrayList.java:1249)
	at com.aventstack.extentreports.Report.notifyReporters(Report.java:263)
	at com.aventstack.extentreports.Report.flush(Report.java:185)
	at com.aventstack.extentreports.ExtentReports.flush(ExtentReports.java:281)
	at com.qtpselenium.hybrid.base.BaseTest.quit(BaseTest.java:72)
Caused by: java.lang.ClassNotFoundException: org.bson.types.ObjectId
	at java.net.URLClassLoader.findClass(URLClassLoader.java:381)
	at java.lang.ClassLoader.loadClass(ClassLoader.java:424)
	at sun.misc.Launcher$AppClassLoader.loadClass(Launcher.java:331)
	at java.lang.ClassLoader.loadClass(ClassLoader.java:357)
	... 63 more
... Removed 28 stack frames</pre></div><a href='#' onClick='toggleBox("stack-trace1594873248", this, "Click to show all stack frames", "Click to hide stack frames")'>Click to show all stack frames</a>
<div class='stack-trace' id='stack-trace1594873248'><pre>java.lang.NoClassDefFoundError: org/bson/types/ObjectId
	at java.lang.Class.getDeclaredMethods0(Native Method)
	at java.lang.Class.privateGetDeclaredMethods(Class.java:2701)
	at java.lang.Class.privateGetPublicMethods(Class.java:2902)
	at java.lang.Class.getMethods(Class.java:1615)
	at freemarker.ext.beans.ClassIntrospector.discoverAccessibleMethods(ClassIntrospector.java:736)
	at freemarker.ext.beans.ClassIntrospector.discoverAccessibleMethods(ClassIntrospector.java:729)
	at freemarker.ext.beans.ClassIntrospector.createClassIntrospectionData(ClassIntrospector.java:281)
	at freemarker.ext.beans.ClassIntrospector.get(ClassIntrospector.java:257)
	at freemarker.ext.beans.BeanModel.&lt;init&gt;(BeanModel.java:110)
	at freemarker.ext.beans.BeanModel.&lt;init&gt;(BeanModel.java:101)
	at freemarker.ext.beans.StringModel.&lt;init&gt;(StringModel.java:52)
	at freemarker.ext.beans.StringModel$1.create(StringModel.java:38)
	at freemarker.ext.beans.BeansModelCache.create(BeansModelCache.java:72)
	at freemarker.ext.util.ModelCache.getInstance(ModelCache.java:80)
	at freemarker.ext.beans.BeansWrapper.wrap(BeansWrapper.java:912)
	at freemarker.template.DefaultObjectWrapper.handleUnknownType(DefaultObjectWrapper.java:269)
	at freemarker.template.DefaultObjectWrapper.wrap(DefaultObjectWrapper.java:248)
	at freemarker.template.WrappingTemplateModel.wrap(WrappingTemplateModel.java:112)
	at freemarker.template.DefaultListAdapter.get(DefaultListAdapter.java:76)
	at freemarker.core.DynamicKeyName.dealWithNumericalKey(DynamicKeyName.java:105)
	at freemarker.core.DynamicKeyName._eval(DynamicKeyName.java:71)
	at freemarker.core.Expression.eval(Expression.java:83)
	at freemarker.core.Assignment.accept(Assignment.java:134)
	at freemarker.core.Environment.visit(Environment.java:330)
	at freemarker.core.Environment.visit(Environment.java:336)
	at freemarker.core.Environment.visit(Environment.java:336)
	at freemarker.core.Environment.process(Environment.java:309)
	at freemarker.template.Template.process(Template.java:384)
	at com.aventstack.extentreports.reporter.ExtentHtmlReporter.flush(ExtentHtmlReporter.java:142)
	at com.aventstack.extentreports.Report$$Lambda$15/1132307065.accept(Unknown Source)
	at java.util.ArrayList.forEach(ArrayList.java:1249)
	at com.aventstack.extentreports.Report.notifyReporters(Report.java:263)
	at com.aventstack.extentreports.Report.flush(Report.java:185)
	at com.aventstack.extentreports.ExtentReports.flush(ExtentReports.java:281)
	at com.qtpselenium.hybrid.base.BaseTest.quit(BaseTest.java:72)
	at sun.reflect.NativeMethodAccessorImpl.invoke0(Native Method)
	at sun.reflect.NativeMethodAccessorImpl.invoke(NativeMethodAccessorImpl.java:62)
	at sun.reflect.DelegatingMethodAccessorImpl.invoke(DelegatingMethodAccessorImpl.java:43)
	at java.lang.reflect.Method.invoke(Method.java:497)
	at org.testng.internal.MethodInvocationHelper.invokeMethod(MethodInvocationHelper.java:124)
	at org.testng.internal.MethodInvocationHelper.invokeMethodConsideringTimeout(MethodInvocationHelper.java:59)
	at org.testng.internal.Invoker.invokeConfigurationMethod(Invoker.java:451)
	at org.testng.internal.Invoker.invokeConfigurations(Invoker.java:222)
	at org.testng.internal.Invoker.invokeMethod(Invoker.java:634)
	at org.testng.internal.Invoker.invokeTestMethod(Invoker.java:707)
	at org.testng.internal.Invoker.invokeTestMethods(Invoker.java:979)
	at org.testng.internal.TestMethodWorker.invokeTestMethods(TestMethodWorker.java:125)
	at org.testng.internal.TestMethodWorker.run(TestMethodWorker.java:109)
	at org.testng.TestRunner.privateRun(TestRunner.java:648)
	at org.testng.TestRunner.run(TestRunner.java:505)
	at org.testng.SuiteRunner.runTest(SuiteRunner.java:455)
	at org.testng.SuiteRunner.runSequentially(SuiteRunner.java:450)
	at org.testng.SuiteRunner.privateRun(SuiteRunner.java:415)
	at org.testng.SuiteRunner.run(SuiteRunner.java:364)
	at org.testng.SuiteRunnerWorker.runSuite(SuiteRunnerWorker.java:52)
	at org.testng.SuiteRunnerWorker.run(SuiteRunnerWorker.java:84)
	at org.testng.TestNG.runSuitesSequentially(TestNG.java:1187)
	at org.testng.TestNG.runSuitesSequentially(TestNG.java:1183)
	at org.testng.TestNG.runSuitesLocally(TestNG.java:1116)
	at org.testng.TestNG.runSuites(TestNG.java:1028)
	at org.testng.TestNG.run(TestNG.java:996)
	at org.testng.TestNG.privateMain(TestNG.java:1330)
	at org.testng.TestNG.main(TestNG.java:1299)
Caused by: java.lang.ClassNotFoundException: org.bson.types.ObjectId
	at java.net.URLClassLoader.findClass(URLClassLoader.java:381)
	at java.lang.ClassLoader.loadClass(ClassLoader.java:424)
	at sun.misc.Launcher$AppClassLoader.loadClass(Launcher.java:331)
	at java.lang.ClassLoader.loadClass(ClassLoader.java:357)
	... 63 more
</pre></div></td>
<td>0</td>
<td>com.qtpselenium.hybrid.suitea.LoginTest@39c0f4a</td></tr>
</table><p>
</body>
</html>