<?xml version="1.0" encoding="UTF-8"?>
<testng-results skipped="3" failed="0" ignored="0" total="3" passed="0">
  <reporter-output>
  </reporter-output>
  <suite name="My Suite " duration-ms="0" started-at="2018-08-11T13:14:07Z" finished-at="2018-08-11T13:14:07Z">
    <groups>
    </groups>
  </suite> <!-- My Suite  -->
  <suite name="suiteA" duration-ms="1513" started-at="2018-08-11T13:14:05Z" finished-at="2018-08-11T13:14:07Z">
    <groups>
    </groups>
    <test name="LoginTest" duration-ms="1513" started-at="2018-08-11T13:14:05Z" finished-at="2018-08-11T13:14:07Z">
      <class name="com.qtpselenium.hybrid.suitea.LoginTest">
        <test-method status="PASS" signature="init()[pri:0, instance:com.qtpselenium.hybrid.suitea.LoginTest@39c0f4a]" name="init" is-config="true" duration-ms="796" started-at="2018-08-11T18:44:05Z" finished-at="2018-08-11T18:44:06Z">
          <reporter-output>
          </reporter-output>
        </test-method> <!-- init -->
        <test-method status="PASS" signature="initTest()[pri:0, instance:com.qtpselenium.hybrid.suitea.LoginTest@39c0f4a]" name="initTest" is-config="true" duration-ms="302" started-at="2018-08-11T18:44:06Z" finished-at="2018-08-11T18:44:06Z">
          <reporter-output>
          </reporter-output>
        </test-method> <!-- initTest -->
        <test-method status="SKIP" signature="loginTest(java.util.Hashtable)[pri:0, instance:com.qtpselenium.hybrid.suitea.LoginTest@39c0f4a]" name="loginTest" duration-ms="16" started-at="2018-08-11T18:44:06Z" data-provider="getData" finished-at="2018-08-11T18:44:06Z">
          <params>
            <param index="0">
              <value>
                <![CDATA[{Username=mngr145880, ExpectedResult=LoginSuccess, Password=vumebah, Runmode=N, Browser=Mozilla}]]>
              </value>
            </param>
          </params>
          <exception class="org.testng.SkipException">
            <message>
              <![CDATA[Runmode is set to NO ]]>
            </message>
            <full-stacktrace>
              <![CDATA[org.testng.SkipException: Runmode is set to NO at com.qtpselenium.hybrid.suitea.LoginTest.loginTest(LoginTest.java:24)at sun.reflect.NativeMethodAccessorImpl.invoke0(Native Method)at sun.reflect.NativeMethodAccessorImpl.invoke(NativeMethodAccessorImpl.java:62)at sun.reflect.DelegatingMethodAccessorImpl.invoke(DelegatingMethodAccessorImpl.java:43)at java.lang.reflect.Method.invoke(Method.java:497)at org.testng.internal.MethodInvocationHelper.invokeMethod(MethodInvocationHelper.java:124)at org.testng.internal.Invoker.invokeMethod(Invoker.java:571)at org.testng.internal.Invoker.invokeTestMethod(Invoker.java:707)at org.testng.internal.Invoker.invokeTestMethods(Invoker.java:979)at org.testng.internal.TestMethodWorker.invokeTestMethods(TestMethodWorker.java:125)at org.testng.internal.TestMethodWorker.run(TestMethodWorker.java:109)at org.testng.TestRunner.privateRun(TestRunner.java:648)at org.testng.TestRunner.run(TestRunner.java:505)at org.testng.SuiteRunner.runTest(SuiteRunner.java:455)at org.testng.SuiteRunner.runSequentially(SuiteRunner.java:450)at org.testng.SuiteRunner.privateRun(SuiteRunner.java:415)at org.testng.SuiteRunner.run(SuiteRunner.java:364)at org.testng.SuiteRunnerWorker.runSuite(SuiteRunnerWorker.java:52)at org.testng.SuiteRunnerWorker.run(SuiteRunnerWorker.java:84)at org.testng.TestNG.runSuitesSequentially(TestNG.java:1187)at org.testng.TestNG.runSuitesSequentially(TestNG.java:1183)at org.testng.TestNG.runSuitesLocally(TestNG.java:1116)at org.testng.TestNG.runSuites(TestNG.java:1028)at org.testng.TestNG.run(TestNG.java:996)at org.testng.TestNG.privateMain(TestNG.java:1330)at org.testng.TestNG.main(TestNG.java:1299)]]>
            </full-stacktrace>
          </exception> <!-- org.testng.SkipException -->
          <reporter-output>
          </reporter-output>
        </test-method> <!-- loginTest -->
        <test-method status="FAIL" signature="quit()[pri:0, instance:com.qtpselenium.hybrid.suitea.LoginTest@39c0f4a]" name="quit" is-config="true" duration-ms="352" started-at="2018-08-11T18:44:06Z" finished-at="2018-08-11T18:44:07Z">
          <exception class="java.lang.NoClassDefFoundError">
            <message>
              <![CDATA[org/bson/types/ObjectId]]>
            </message>
            <full-stacktrace>
              <![CDATA[java.lang.NoClassDefFoundError: org/bson/types/ObjectIdat java.lang.Class.getDeclaredMethods0(Native Method)at java.lang.Class.privateGetDeclaredMethods(Class.java:2701)at java.lang.Class.privateGetPublicMethods(Class.java:2902)at java.lang.Class.getMethods(Class.java:1615)at freemarker.ext.beans.ClassIntrospector.discoverAccessibleMethods(ClassIntrospector.java:736)at freemarker.ext.beans.ClassIntrospector.discoverAccessibleMethods(ClassIntrospector.java:729)at freemarker.ext.beans.ClassIntrospector.createClassIntrospectionData(ClassIntrospector.java:281)at freemarker.ext.beans.ClassIntrospector.get(ClassIntrospector.java:257)at freemarker.ext.beans.BeanModel.<init>(BeanModel.java:110)at freemarker.ext.beans.BeanModel.<init>(BeanModel.java:101)at freemarker.ext.beans.StringModel.<init>(StringModel.java:52)at freemarker.ext.beans.StringModel$1.create(StringModel.java:38)at freemarker.ext.beans.BeansModelCache.create(BeansModelCache.java:72)at freemarker.ext.util.ModelCache.getInstance(ModelCache.java:80)at freemarker.ext.beans.BeansWrapper.wrap(BeansWrapper.java:912)at freemarker.template.DefaultObjectWrapper.handleUnknownType(DefaultObjectWrapper.java:269)at freemarker.template.DefaultObjectWrapper.wrap(DefaultObjectWrapper.java:248)at freemarker.template.WrappingTemplateModel.wrap(WrappingTemplateModel.java:112)at freemarker.template.DefaultListAdapter.get(DefaultListAdapter.java:76)at freemarker.core.DynamicKeyName.dealWithNumericalKey(DynamicKeyName.java:105)at freemarker.core.DynamicKeyName._eval(DynamicKeyName.java:71)at freemarker.core.Expression.eval(Expression.java:83)at freemarker.core.Assignment.accept(Assignment.java:134)at freemarker.core.Environment.visit(Environment.java:330)at freemarker.core.Environment.visit(Environment.java:336)at freemarker.core.Environment.visit(Environment.java:336)at freemarker.core.Environment.process(Environment.java:309)at freemarker.template.Template.process(Template.java:384)at com.aventstack.extentreports.reporter.ExtentHtmlReporter.flush(ExtentHtmlReporter.java:142)at com.aventstack.extentreports.Report$$Lambda$15/1132307065.accept(Unknown Source)at java.util.ArrayList.forEach(ArrayList.java:1249)at com.aventstack.extentreports.Report.notifyReporters(Report.java:263)at com.aventstack.extentreports.Report.flush(Report.java:185)at com.aventstack.extentreports.ExtentReports.flush(ExtentReports.java:281)at com.qtpselenium.hybrid.base.BaseTest.quit(BaseTest.java:72)at sun.reflect.NativeMethodAccessorImpl.invoke0(Native Method)at sun.reflect.NativeMethodAccessorImpl.invoke(NativeMethodAccessorImpl.java:62)at sun.reflect.DelegatingMethodAccessorImpl.invoke(DelegatingMethodAccessorImpl.java:43)at java.lang.reflect.Method.invoke(Method.java:497)at org.testng.internal.MethodInvocationHelper.invokeMethod(MethodInvocationHelper.java:124)at org.testng.internal.MethodInvocationHelper.invokeMethodConsideringTimeout(MethodInvocationHelper.java:59)at org.testng.internal.Invoker.invokeConfigurationMethod(Invoker.java:451)at org.testng.internal.Invoker.invokeConfigurations(Invoker.java:222)at org.testng.internal.Invoker.invokeMethod(Invoker.java:634)at org.testng.internal.Invoker.invokeTestMethod(Invoker.java:707)at org.testng.internal.Invoker.invokeTestMethods(Invoker.java:979)at org.testng.internal.TestMethodWorker.invokeTestMethods(TestMethodWorker.java:125)at org.testng.internal.TestMethodWorker.run(TestMethodWorker.java:109)at org.testng.TestRunner.privateRun(TestRunner.java:648)at org.testng.TestRunner.run(TestRunner.java:505)at org.testng.SuiteRunner.runTest(SuiteRunner.java:455)at org.testng.SuiteRunner.runSequentially(SuiteRunner.java:450)at org.testng.SuiteRunner.privateRun(SuiteRunner.java:415)at org.testng.SuiteRunner.run(SuiteRunner.java:364)at org.testng.SuiteRunnerWorker.runSuite(SuiteRunnerWorker.java:52)at org.testng.SuiteRunnerWorker.run(SuiteRunnerWorker.java:84)at org.testng.TestNG.runSuitesSequentially(TestNG.java:1187)at org.testng.TestNG.runSuitesSequentially(TestNG.java:1183)at org.testng.TestNG.runSuitesLocally(TestNG.java:1116)at org.testng.TestNG.runSuites(TestNG.java:1028)at org.testng.TestNG.run(TestNG.java:996)at org.testng.TestNG.privateMain(TestNG.java:1330)at org.testng.TestNG.main(TestNG.java:1299)Caused by: java.lang.ClassNotFoundException: org.bson.types.ObjectIdat java.net.URLClassLoader.findClass(URLClassLoader.java:381)at java.lang.ClassLoader.loadClass(ClassLoader.java:424)at sun.misc.Launcher$AppClassLoader.loadClass(Launcher.java:331)at java.lang.ClassLoader.loadClass(ClassLoader.java:357)... 63 more]]>
            </full-stacktrace>
          </exception> <!-- java.lang.NoClassDefFoundError -->
          <reporter-output>
          </reporter-output>
        </test-method> <!-- quit -->
        <test-method status="SKIP" signature="initTest()[pri:0, instance:com.qtpselenium.hybrid.suitea.LoginTest@39c0f4a]" name="initTest" is-config="true" duration-ms="0" started-at="2018-08-11T18:44:07Z" finished-at="2018-08-11T18:44:07Z">
          <reporter-output>
          </reporter-output>
        </test-method> <!-- initTest -->
        <test-method status="SKIP" signature="loginTest(java.util.Hashtable)[pri:0, instance:com.qtpselenium.hybrid.suitea.LoginTest@39c0f4a]" name="loginTest" duration-ms="0" started-at="2018-08-11T18:44:07Z" data-provider="getData" finished-at="2018-08-11T18:44:07Z">
          <exception class="java.lang.NoClassDefFoundError">
            <message>
              <![CDATA[org/bson/types/ObjectId]]>
            </message>
            <full-stacktrace>
              <![CDATA[java.lang.NoClassDefFoundError: org/bson/types/ObjectIdat java.lang.Class.getDeclaredMethods0(Native Method)at java.lang.Class.privateGetDeclaredMethods(Class.java:2701)at java.lang.Class.privateGetPublicMethods(Class.java:2902)at java.lang.Class.getMethods(Class.java:1615)at freemarker.ext.beans.ClassIntrospector.discoverAccessibleMethods(ClassIntrospector.java:736)at freemarker.ext.beans.ClassIntrospector.discoverAccessibleMethods(ClassIntrospector.java:729)at freemarker.ext.beans.ClassIntrospector.createClassIntrospectionData(ClassIntrospector.java:281)at freemarker.ext.beans.ClassIntrospector.get(ClassIntrospector.java:257)at freemarker.ext.beans.BeanModel.<init>(BeanModel.java:110)at freemarker.ext.beans.BeanModel.<init>(BeanModel.java:101)at freemarker.ext.beans.StringModel.<init>(StringModel.java:52)at freemarker.ext.beans.StringModel$1.create(StringModel.java:38)at freemarker.ext.beans.BeansModelCache.create(BeansModelCache.java:72)at freemarker.ext.util.ModelCache.getInstance(ModelCache.java:80)at freemarker.ext.beans.BeansWrapper.wrap(BeansWrapper.java:912)at freemarker.template.DefaultObjectWrapper.handleUnknownType(DefaultObjectWrapper.java:269)at freemarker.template.DefaultObjectWrapper.wrap(DefaultObjectWrapper.java:248)at freemarker.template.WrappingTemplateModel.wrap(WrappingTemplateModel.java:112)at freemarker.template.DefaultListAdapter.get(DefaultListAdapter.java:76)at freemarker.core.DynamicKeyName.dealWithNumericalKey(DynamicKeyName.java:105)at freemarker.core.DynamicKeyName._eval(DynamicKeyName.java:71)at freemarker.core.Expression.eval(Expression.java:83)at freemarker.core.Assignment.accept(Assignment.java:134)at freemarker.core.Environment.visit(Environment.java:330)at freemarker.core.Environment.visit(Environment.java:336)at freemarker.core.Environment.visit(Environment.java:336)at freemarker.core.Environment.process(Environment.java:309)at freemarker.template.Template.process(Template.java:384)at com.aventstack.extentreports.reporter.ExtentHtmlReporter.flush(ExtentHtmlReporter.java:142)at com.aventstack.extentreports.Report$$Lambda$15/1132307065.accept(Unknown Source)at java.util.ArrayList.forEach(ArrayList.java:1249)at com.aventstack.extentreports.Report.notifyReporters(Report.java:263)at com.aventstack.extentreports.Report.flush(Report.java:185)at com.aventstack.extentreports.ExtentReports.flush(ExtentReports.java:281)at com.qtpselenium.hybrid.base.BaseTest.quit(BaseTest.java:72)at sun.reflect.NativeMethodAccessorImpl.invoke0(Native Method)at sun.reflect.NativeMethodAccessorImpl.invoke(NativeMethodAccessorImpl.java:62)at sun.reflect.DelegatingMethodAccessorImpl.invoke(DelegatingMethodAccessorImpl.java:43)at java.lang.reflect.Method.invoke(Method.java:497)at org.testng.internal.MethodInvocationHelper.invokeMethod(MethodInvocationHelper.java:124)at org.testng.internal.MethodInvocationHelper.invokeMethodConsideringTimeout(MethodInvocationHelper.java:59)at org.testng.internal.Invoker.invokeConfigurationMethod(Invoker.java:451)at org.testng.internal.Invoker.invokeConfigurations(Invoker.java:222)at org.testng.internal.Invoker.invokeMethod(Invoker.java:634)at org.testng.internal.Invoker.invokeTestMethod(Invoker.java:707)at org.testng.internal.Invoker.invokeTestMethods(Invoker.java:979)at org.testng.internal.TestMethodWorker.invokeTestMethods(TestMethodWorker.java:125)at org.testng.internal.TestMethodWorker.run(TestMethodWorker.java:109)at org.testng.TestRunner.privateRun(TestRunner.java:648)at org.testng.TestRunner.run(TestRunner.java:505)at org.testng.SuiteRunner.runTest(SuiteRunner.java:455)at org.testng.SuiteRunner.runSequentially(SuiteRunner.java:450)at org.testng.SuiteRunner.privateRun(SuiteRunner.java:415)at org.testng.SuiteRunner.run(SuiteRunner.java:364)at org.testng.SuiteRunnerWorker.runSuite(SuiteRunnerWorker.java:52)at org.testng.SuiteRunnerWorker.run(SuiteRunnerWorker.java:84)at org.testng.TestNG.runSuitesSequentially(TestNG.java:1187)at org.testng.TestNG.runSuitesSequentially(TestNG.java:1183)at org.testng.TestNG.runSuitesLocally(TestNG.java:1116)at org.testng.TestNG.runSuites(TestNG.java:1028)at org.testng.TestNG.run(TestNG.java:996)at org.testng.TestNG.privateMain(TestNG.java:1330)at org.testng.TestNG.main(TestNG.java:1299)Caused by: java.lang.ClassNotFoundException: org.bson.types.ObjectIdat java.net.URLClassLoader.findClass(URLClassLoader.java:381)at java.lang.ClassLoader.loadClass(ClassLoader.java:424)at sun.misc.Launcher$AppClassLoader.loadClass(Launcher.java:331)at java.lang.ClassLoader.loadClass(ClassLoader.java:357)... 63 more]]>
            </full-stacktrace>
          </exception> <!-- java.lang.NoClassDefFoundError -->
          <reporter-output>
          </reporter-output>
        </test-method> <!-- loginTest -->
        <test-method status="SKIP" signature="quit()[pri:0, instance:com.qtpselenium.hybrid.suitea.LoginTest@39c0f4a]" name="quit" is-config="true" duration-ms="0" started-at="2018-08-11T18:44:07Z" finished-at="2018-08-11T18:44:07Z">
          <reporter-output>
          </reporter-output>
        </test-method> <!-- quit -->
        <test-method status="SKIP" signature="initTest()[pri:0, instance:com.qtpselenium.hybrid.suitea.LoginTest@39c0f4a]" name="initTest" is-config="true" duration-ms="0" started-at="2018-08-11T18:44:07Z" finished-at="2018-08-11T18:44:07Z">
          <reporter-output>
          </reporter-output>
        </test-method> <!-- initTest -->
        <test-method status="SKIP" signature="quit()[pri:0, instance:com.qtpselenium.hybrid.suitea.LoginTest@39c0f4a]" name="quit" is-config="true" duration-ms="0" started-at="2018-08-11T18:44:07Z" finished-at="2018-08-11T18:44:07Z">
          <reporter-output>
          </reporter-output>
        </test-method> <!-- quit -->
        <test-method status="SKIP" signature="loginTest(java.util.Hashtable)[pri:0, instance:com.qtpselenium.hybrid.suitea.LoginTest@39c0f4a]" name="loginTest" duration-ms="0" started-at="2018-08-11T18:44:07Z" data-provider="getData" finished-at="2018-08-11T18:44:07Z">
          <exception class="java.lang.NoClassDefFoundError">
            <message>
              <![CDATA[org/bson/types/ObjectId]]>
            </message>
            <full-stacktrace>
              <![CDATA[java.lang.NoClassDefFoundError: org/bson/types/ObjectIdat java.lang.Class.getDeclaredMethods0(Native Method)at java.lang.Class.privateGetDeclaredMethods(Class.java:2701)at java.lang.Class.privateGetPublicMethods(Class.java:2902)at java.lang.Class.getMethods(Class.java:1615)at freemarker.ext.beans.ClassIntrospector.discoverAccessibleMethods(ClassIntrospector.java:736)at freemarker.ext.beans.ClassIntrospector.discoverAccessibleMethods(ClassIntrospector.java:729)at freemarker.ext.beans.ClassIntrospector.createClassIntrospectionData(ClassIntrospector.java:281)at freemarker.ext.beans.ClassIntrospector.get(ClassIntrospector.java:257)at freemarker.ext.beans.BeanModel.<init>(BeanModel.java:110)at freemarker.ext.beans.BeanModel.<init>(BeanModel.java:101)at freemarker.ext.beans.StringModel.<init>(StringModel.java:52)at freemarker.ext.beans.StringModel$1.create(StringModel.java:38)at freemarker.ext.beans.BeansModelCache.create(BeansModelCache.java:72)at freemarker.ext.util.ModelCache.getInstance(ModelCache.java:80)at freemarker.ext.beans.BeansWrapper.wrap(BeansWrapper.java:912)at freemarker.template.DefaultObjectWrapper.handleUnknownType(DefaultObjectWrapper.java:269)at freemarker.template.DefaultObjectWrapper.wrap(DefaultObjectWrapper.java:248)at freemarker.template.WrappingTemplateModel.wrap(WrappingTemplateModel.java:112)at freemarker.template.DefaultListAdapter.get(DefaultListAdapter.java:76)at freemarker.core.DynamicKeyName.dealWithNumericalKey(DynamicKeyName.java:105)at freemarker.core.DynamicKeyName._eval(DynamicKeyName.java:71)at freemarker.core.Expression.eval(Expression.java:83)at freemarker.core.Assignment.accept(Assignment.java:134)at freemarker.core.Environment.visit(Environment.java:330)at freemarker.core.Environment.visit(Environment.java:336)at freemarker.core.Environment.visit(Environment.java:336)at freemarker.core.Environment.process(Environment.java:309)at freemarker.template.Template.process(Template.java:384)at com.aventstack.extentreports.reporter.ExtentHtmlReporter.flush(ExtentHtmlReporter.java:142)at com.aventstack.extentreports.Report$$Lambda$15/1132307065.accept(Unknown Source)at java.util.ArrayList.forEach(ArrayList.java:1249)at com.aventstack.extentreports.Report.notifyReporters(Report.java:263)at com.aventstack.extentreports.Report.flush(Report.java:185)at com.aventstack.extentreports.ExtentReports.flush(ExtentReports.java:281)at com.qtpselenium.hybrid.base.BaseTest.quit(BaseTest.java:72)at sun.reflect.NativeMethodAccessorImpl.invoke0(Native Method)at sun.reflect.NativeMethodAccessorImpl.invoke(NativeMethodAccessorImpl.java:62)at sun.reflect.DelegatingMethodAccessorImpl.invoke(DelegatingMethodAccessorImpl.java:43)at java.lang.reflect.Method.invoke(Method.java:497)at org.testng.internal.MethodInvocationHelper.invokeMethod(MethodInvocationHelper.java:124)at org.testng.internal.MethodInvocationHelper.invokeMethodConsideringTimeout(MethodInvocationHelper.java:59)at org.testng.internal.Invoker.invokeConfigurationMethod(Invoker.java:451)at org.testng.internal.Invoker.invokeConfigurations(Invoker.java:222)at org.testng.internal.Invoker.invokeMethod(Invoker.java:634)at org.testng.internal.Invoker.invokeTestMethod(Invoker.java:707)at org.testng.internal.Invoker.invokeTestMethods(Invoker.java:979)at org.testng.internal.TestMethodWorker.invokeTestMethods(TestMethodWorker.java:125)at org.testng.internal.TestMethodWorker.run(TestMethodWorker.java:109)at org.testng.TestRunner.privateRun(TestRunner.java:648)at org.testng.TestRunner.run(TestRunner.java:505)at org.testng.SuiteRunner.runTest(SuiteRunner.java:455)at org.testng.SuiteRunner.runSequentially(SuiteRunner.java:450)at org.testng.SuiteRunner.privateRun(SuiteRunner.java:415)at org.testng.SuiteRunner.run(SuiteRunner.java:364)at org.testng.SuiteRunnerWorker.runSuite(SuiteRunnerWorker.java:52)at org.testng.SuiteRunnerWorker.run(SuiteRunnerWorker.java:84)at org.testng.TestNG.runSuitesSequentially(TestNG.java:1187)at org.testng.TestNG.runSuitesSequentially(TestNG.java:1183)at org.testng.TestNG.runSuitesLocally(TestNG.java:1116)at org.testng.TestNG.runSuites(TestNG.java:1028)at org.testng.TestNG.run(TestNG.java:996)at org.testng.TestNG.privateMain(TestNG.java:1330)at org.testng.TestNG.main(TestNG.java:1299)Caused by: java.lang.ClassNotFoundException: org.bson.types.ObjectIdat java.net.URLClassLoader.findClass(URLClassLoader.java:381)at java.lang.ClassLoader.loadClass(ClassLoader.java:424)at sun.misc.Launcher$AppClassLoader.loadClass(Launcher.java:331)at java.lang.ClassLoader.loadClass(ClassLoader.java:357)... 63 more]]>
            </full-stacktrace>
          </exception> <!-- java.lang.NoClassDefFoundError -->
          <reporter-output>
          </reporter-output>
        </test-method> <!-- loginTest -->
      </class> <!-- com.qtpselenium.hybrid.suitea.LoginTest -->
    </test> <!-- LoginTest -->
  </suite> <!-- suiteA -->
</testng-results>
